0 info it worked if it ends with ok
1 verbose cli [ '/Users/Nick/.nvm/v0.10.40/bin/node',
1 verbose cli   '/Users/Nick/.nvm/v0.10.40/bin/npm',
1 verbose cli   'install' ]
2 info using npm@1.4.28
3 info using node@v0.10.40
4 verbose config Skipping project config: /Users/Nick/.npmrc. (matches userconfig)
5 error install Couldn't read dependencies
6 error package.json ENOENT, open '/Users/Nick/package.json'
6 error package.json This is most likely not a problem with npm itself.
6 error package.json npm can't find a package.json file in your current directory.
7 error System Darwin 14.5.0
8 error command "/Users/Nick/.nvm/v0.10.40/bin/node" "/Users/Nick/.nvm/v0.10.40/bin/npm" "install"
9 error cwd /Users/Nick/lighthouse/final/GravityGame-LHL
10 error node -v v0.10.40
11 error npm -v 1.4.28
12 error path /Users/Nick/package.json
13 error code ENOPACKAGEJSON
14 error errno 34
15 verbose exit [ 34, true ]
